0 info it worked if it ends with ok
1 verbose cli [ '/Users/AtuyL/.nodebrew/current/bin/node',
1 verbose cli   '/Users/AtuyL/.nodebrew/current/bin/npm',
1 verbose cli   'publish' ]
2 info using npm@1.3.8
3 info using node@v0.10.17
4 verbose node symlink /Users/AtuyL/.nodebrew/current/bin/node
5 verbose publish [ '.' ]
6 error Failed to parse json
6 error Unexpected token }
7 error File: /Users/AtuyL/Sites/github/grunt-stylsprite/package.json
8 error Failed to parse package.json data.
8 error package.json must be actual JSON, not just JavaScript.
8 error
8 error This is not a bug in npm.
8 error Tell the package author to fix their package.json file. JSON.parse
9 error System Darwin 12.5.0
10 error command "/Users/AtuyL/.nodebrew/current/bin/node" "/Users/AtuyL/.nodebrew/current/bin/npm" "publish"
11 error cwd /Users/AtuyL/Sites/github/grunt-stylsprite
12 error node -v v0.10.17
13 error npm -v 1.3.8
14 error file /Users/AtuyL/Sites/github/grunt-stylsprite/package.json
15 error code EJSONPARSE
16 verbose exit [ 1, true ]
